<?xml version="1.0" encoding="UTF-8"?>
<testng-results skipped="0" failed="0" ignored="0" total="2" passed="2">
  <reporter-output>
  </reporter-output>
  <suite name="Default suite" duration-ms="6208" started-at="2020-01-03T18:11:31 IST" finished-at="2020-01-03T18:11:37 IST">
    <groups>
    </groups>
    <test name="Default test" duration-ms="6208" started-at="2020-01-03T18:11:31 IST" finished-at="2020-01-03T18:11:37 IST">
      <class name="restassuredAPI.TC_RestAPI_GetRequest">
        <test-method status="PASS" signature="getWeatherDetails()[pri:1, instance:restassuredAPI.TC_RestAPI_GetRequest@394e1a0f]" name="getWeatherDetails" duration-ms="4336" started-at="2020-01-03T18:11:31 IST" finished-at="2020-01-03T18:11:36 IST">
          <reporter-output>
          </reporter-output>
        </test-method> <!-- getWeatherDetails -->
        <test-method status="PASS" signature="checkcustomerdetails()[pri:2, instance:restassuredAPI.TC_RestAPI_GetRequest@394e1a0f]" name="checkcustomerdetails" duration-ms="1727" started-at="2020-01-03T18:11:36 IST" finished-at="2020-01-03T18:11:37 IST">
          <reporter-output>
          </reporter-output>
        </test-method> <!-- checkcustomerdetails -->
      </class> <!-- restassuredAPI.TC_RestAPI_GetRequest -->
    </test> <!-- Default test -->
  </suite> <!-- Default suite -->
</testng-results>
